  [1m[36m (0.1ms)[0m  [1mselect sqlite_version(*)[0m
  [1m[35m (1.7ms)[0m  CREATE TABLE "schema_migrations" ("version" varchar(255) NOT NULL) 
  [1m[36m (0.0ms)[0m  [1mPRAGMA index_list("schema_migrations")[0m
  [1m[35m (1.4ms)[0m  CREATE UNIQUE INDEX "unique_schema_migrations" ON "schema_migrations" ("version")
  [1m[36m (0.1ms)[0m  [1mSELECT "schema_migrations"."version" FROM "schema_migrations" [0m
Migrating to CreateArticles (20111127152421)
  [1m[35m (0.2ms)[0m  CREATE TABLE "articles" ("id" INTEGER PRIMARY KEY AUTOINCREMENT NOT NULL, "title" varchar(255), "created_at" datetime, "updated_at" datetime) 
  [1m[36m (0.1ms)[0m  [1mINSERT INTO "schema_migrations" ("version") VALUES ('20111127152421')[0m
Migrating to CreateAuthors (20111127152511)
  [1m[35m (0.3ms)[0m  CREATE TABLE "authors" ("id" INTEGER PRIMARY KEY AUTOINCREMENT NOT NULL, "name" varchar(255), "email" varchar(255), "article_id" integer, "created_at" datetime, "updated_at" datetime) 
  [1m[36m (0.0ms)[0m  [1mPRAGMA index_list("authors")[0m
  [1m[35m (0.1ms)[0m  CREATE INDEX "index_authors_on_article_id" ON "authors" ("article_id")
  [1m[36m (0.1ms)[0m  [1mINSERT INTO "schema_migrations" ("version") VALUES ('20111127152511')[0m
Migrating to CreateSections (20111127152627)
  [1m[35m (0.3ms)[0m  CREATE TABLE "sections" ("id" INTEGER PRIMARY KEY AUTOINCREMENT NOT NULL, "article_id" integer, "created_at" datetime, "updated_at" datetime) 
  [1m[36m (0.0ms)[0m  [1mPRAGMA index_list("sections")[0m
  [1m[35m (0.1ms)[0m  CREATE INDEX "index_sections_on_article_id" ON "sections" ("article_id")
  [1m[36m (0.1ms)[0m  [1mINSERT INTO "schema_migrations" ("version") VALUES ('20111127152627')[0m
Migrating to CreateParagraphs (20111127152701)
  [1m[35m (0.2ms)[0m  CREATE TABLE "paragraphs" ("id" INTEGER PRIMARY KEY AUTOINCREMENT NOT NULL, "text" text, "section_id" integer, "created_at" datetime, "updated_at" datetime) 
  [1m[36m (0.0ms)[0m  [1mPRAGMA index_list("paragraphs")[0m
  [1m[35m (0.1ms)[0m  CREATE INDEX "index_paragraphs_on_section_id" ON "paragraphs" ("section_id")
  [1m[36m (0.1ms)[0m  [1mINSERT INTO "schema_migrations" ("version") VALUES ('20111127152701')[0m
Migrating to ChangeArticleRelation (20111206152106)
  [1m[35m (0.3ms)[0m  CREATE TEMPORARY TABLE "altered_authors" ("id" INTEGER PRIMARY KEY AUTOINCREMENT NOT NULL, "name" varchar(255), "email" varchar(255), "article_id" integer, "created_at" datetime, "updated_at" datetime) 
  [1m[36m (0.0ms)[0m  [1mPRAGMA index_list("authors")[0m
  [1m[35m (0.0ms)[0m  PRAGMA index_info('index_authors_on_article_id')
  [1m[36m (0.0ms)[0m  [1mPRAGMA index_list("altered_authors")[0m
  [1m[35m (0.1ms)[0m  CREATE INDEX "temp_index_altered_authors_on_article_id" ON "altered_authors" ("article_id")
  [1m[36m (0.1ms)[0m  [1mSELECT * FROM "authors"[0m
  [1m[35m (0.2ms)[0m  DROP TABLE "authors"
  [1m[36m (0.1ms)[0m  [1mCREATE TABLE "authors" ("id" INTEGER PRIMARY KEY AUTOINCREMENT NOT NULL, "name" varchar(255), "email" varchar(255), "created_at" datetime, "updated_at" datetime) [0m
  [1m[35m (0.0ms)[0m  PRAGMA index_list("altered_authors")
  [1m[36m (0.0ms)[0m  [1mPRAGMA index_info('temp_index_altered_authors_on_article_id')[0m
  [1m[35m (0.1ms)[0m  SELECT * FROM "altered_authors"
  [1m[36m (0.4ms)[0m  [1mDROP TABLE "altered_authors"[0m
  [1m[35m (0.1ms)[0m  ALTER TABLE "articles" ADD "author_id" integer
  [1m[36m (0.0ms)[0m  [1mPRAGMA index_list("articles")[0m
  [1m[35m (0.1ms)[0m  CREATE INDEX "index_articles_on_author_id" ON "articles" ("author_id")
  [1m[36m (0.1ms)[0m  [1mINSERT INTO "schema_migrations" ("version") VALUES ('20111206152106')[0m
  [1m[35m (0.2ms)[0m  select sqlite_version(*)
  [1m[36m (0.1ms)[0m  [1mSELECT "schema_migrations"."version" FROM "schema_migrations" [0m
  [1m[35m (0.0ms)[0m  PRAGMA index_list("articles")
  [1m[36m (0.0ms)[0m  [1mPRAGMA index_info('index_articles_on_author_id')[0m
  [1m[35m (0.0ms)[0m  PRAGMA index_list("authors")
  [1m[36m (0.0ms)[0m  [1mPRAGMA index_list("paragraphs")[0m
  [1m[35m (0.0ms)[0m  PRAGMA index_info('index_paragraphs_on_section_id')
  [1m[36m (0.0ms)[0m  [1mPRAGMA index_list("sections")[0m
  [1m[35m (0.0ms)[0m  PRAGMA index_info('index_sections_on_article_id')
  [1m[36m (0.1ms)[0m  [1mselect sqlite_version(*)[0m
  [1m[35m (33.0ms)[0m  CREATE TABLE "schema_migrations" ("version" varchar(255) NOT NULL) 
  [1m[36m (0.0ms)[0m  [1mPRAGMA index_list("schema_migrations")[0m
  [1m[35m (8.0ms)[0m  CREATE UNIQUE INDEX "unique_schema_migrations" ON "schema_migrations" ("version")
  [1m[36m (0.2ms)[0m  [1mselect sqlite_version(*)[0m
  [1m[35m (0.1ms)[0m  SELECT "schema_migrations"."version" FROM "schema_migrations" 
  [1m[36m (0.1ms)[0m  [1mSELECT "schema_migrations"."version" FROM "schema_migrations" [0m
Migrating to CreateUsers (20111206165308)
  [1m[35m (0.0ms)[0m  select sqlite_version(*)
  [1m[36m (0.7ms)[0m  [1mCREATE TABLE "users" ("id" INTEGER PRIMARY KEY AUTOINCREMENT NOT NULL, "name" varchar(255), "email" varchar(255), "password" varchar(255), "gravatar" varchar(255), "created_at" datetime, "updated_at" datetime) [0m
  [1m[35m (0.1ms)[0m  INSERT INTO "schema_migrations" ("version") VALUES ('20111206165308')
Migrating to CreateArticles (20111206165336)
  [1m[36m (0.2ms)[0m  [1mCREATE TABLE "articles" ("id" INTEGER PRIMARY KEY AUTOINCREMENT NOT NULL, "user_id" integer, "title" varchar(255), "created_at" datetime, "updated_at" datetime) [0m
  [1m[35m (0.0ms)[0m  PRAGMA index_list("articles")
  [1m[36m (0.1ms)[0m  [1mCREATE INDEX "index_articles_on_user_id" ON "articles" ("user_id")[0m
  [1m[35m (0.1ms)[0m  INSERT INTO "schema_migrations" ("version") VALUES ('20111206165336')
Migrating to CreateParagraphs (20111206165359)
  [1m[36m (0.2ms)[0m  [1mCREATE TABLE "paragraphs" ("id" INTEGER PRIMARY KEY AUTOINCREMENT NOT NULL, "article_id" integer, "position" integer, "current_revision" integer, "created_at" datetime, "updated_at" datetime) [0m
  [1m[35m (0.0ms)[0m  PRAGMA index_list("paragraphs")
  [1m[36m (0.1ms)[0m  [1mCREATE INDEX "index_paragraphs_on_article_id" ON "paragraphs" ("article_id")[0m
  [1m[35m (0.1ms)[0m  INSERT INTO "schema_migrations" ("version") VALUES ('20111206165359')
Migrating to CreateParagraphRevisions (20111206165405)
  [1m[36m (0.3ms)[0m  [1mCREATE TABLE "paragraph_revisions" ("id" INTEGER PRIMARY KEY AUTOINCREMENT NOT NULL, "paragraph_id" integer, "type" varchar(255), "text" text, "image_url" varchar(255), "revision" integer, "parent" integer, "user_id" integer, "created_at" datetime, "updated_at" datetime) [0m
  [1m[35m (0.0ms)[0m  PRAGMA index_list("paragraph_revisions")
  [1m[36m (0.1ms)[0m  [1mCREATE INDEX "index_paragraph_revisions_on_paragraph_id" ON "paragraph_revisions" ("paragraph_id")[0m
  [1m[35m (0.0ms)[0m  PRAGMA index_list("paragraph_revisions")
  [1m[36m (0.0ms)[0m  [1mPRAGMA index_info('index_paragraph_revisions_on_paragraph_id')[0m
  [1m[35m (0.1ms)[0m  CREATE INDEX "index_paragraph_revisions_on_user_id" ON "paragraph_revisions" ("user_id")
  [1m[36m (0.1ms)[0m  [1mINSERT INTO "schema_migrations" ("version") VALUES ('20111206165405')[0m
Migrating to CreateComments (20111206165411)
  [1m[35m (0.3ms)[0m  CREATE TABLE "comments" ("id" INTEGER PRIMARY KEY AUTOINCREMENT NOT NULL, "paragraph_revision_id" integer, "paragraph_id" integer, "article_id" integer, "text" text, "user_id" integer, "created_at" datetime, "updated_at" datetime) 
  [1m[36m (0.0ms)[0m  [1mPRAGMA index_list("comments")[0m
  [1m[35m (0.1ms)[0m  CREATE INDEX "index_comments_on_paragraph_revision_id" ON "comments" ("paragraph_revision_id")
  [1m[36m (0.0ms)[0m  [1mPRAGMA index_list("comments")[0m
  [1m[35m (0.0ms)[0m  PRAGMA index_info('index_comments_on_paragraph_revision_id')
  [1m[36m (0.1ms)[0m  [1mCREATE INDEX "index_comments_on_paragraph_id" ON "comments" ("paragraph_id")[0m
  [1m[35m (0.0ms)[0m  PRAGMA index_list("comments")
  [1m[36m (0.0ms)[0m  [1mPRAGMA index_info('index_comments_on_paragraph_id')[0m
  [1m[35m (0.0ms)[0m  PRAGMA index_info('index_comments_on_paragraph_revision_id')
  [1m[36m (0.1ms)[0m  [1mCREATE INDEX "index_comments_on_article_id" ON "comments" ("article_id")[0m
  [1m[35m (0.0ms)[0m  PRAGMA index_list("comments")
  [1m[36m (0.0ms)[0m  [1mPRAGMA index_info('index_comments_on_article_id')[0m
  [1m[35m (0.0ms)[0m  PRAGMA index_info('index_comments_on_paragraph_id')
  [1m[36m (0.0ms)[0m  [1mPRAGMA index_info('index_comments_on_paragraph_revision_id')[0m
  [1m[35m (0.1ms)[0m  CREATE INDEX "index_comments_on_user_id" ON "comments" ("user_id")
  [1m[36m (0.1ms)[0m  [1mINSERT INTO "schema_migrations" ("version") VALUES ('20111206165411')[0m
Migrating to CreateReferences (20111206165416)
  [1m[35m (0.3ms)[0m  CREATE TABLE "references" ("id" INTEGER PRIMARY KEY AUTOINCREMENT NOT NULL, "title" varchar(255), "authors" varchar(255), "published_on" date, "url" varchar(255), "created_at" datetime, "updated_at" datetime) 
  [1m[36m (0.1ms)[0m  [1mINSERT INTO "schema_migrations" ("version") VALUES ('20111206165416')[0m
Migrating to CreateArticlesTags (20111206165424)
  [1m[35m (0.2ms)[0m  CREATE TABLE "articles_tags" ("id" INTEGER PRIMARY KEY AUTOINCREMENT NOT NULL, "article_id" integer, "tag_id" integer) 
  [1m[36m (0.0ms)[0m  [1mPRAGMA index_list("articles_tags")[0m
  [1m[35m (0.1ms)[0m  CREATE INDEX "index_articles_tags_on_article_id" ON "articles_tags" ("article_id")
  [1m[36m (0.0ms)[0m  [1mPRAGMA index_list("articles_tags")[0m
  [1m[35m (0.0ms)[0m  PRAGMA index_info('index_articles_tags_on_article_id')
  [1m[36m (0.1ms)[0m  [1mCREATE INDEX "index_articles_tags_on_tag_id" ON "articles_tags" ("tag_id")[0m
  [1m[35m (0.1ms)[0m  INSERT INTO "schema_migrations" ("version") VALUES ('20111206165424')
Migrating to CreateReferencesParagraphRevisions (20111206165429)
  [1m[36m (0.4ms)[0m  [1mCREATE TABLE "references_paragraph_revisions" ("id" INTEGER PRIMARY KEY AUTOINCREMENT NOT NULL, "paragraph_revision_id" integer, "references_id" integer) [0m
  [1m[35m (0.0ms)[0m  PRAGMA index_list("references_paragraph_revisions")
  [1m[36m (0.2ms)[0m  [1mCREATE INDEX "index_references_paragraph_revisions_on_paragraph_revision_id" ON "references_paragraph_revisions" ("paragraph_revision_id")[0m
  [1m[35m (0.0ms)[0m  PRAGMA index_list("references_paragraph_revisions")
  [1m[36m (0.0ms)[0m  [1mPRAGMA index_info('index_references_paragraph_revisions_on_paragraph_revision_id')[0m
  [1m[35m (0.1ms)[0m  CREATE INDEX "index_references_paragraph_revisions_on_references_id" ON "references_paragraph_revisions" ("references_id")
  [1m[36m (0.1ms)[0m  [1mINSERT INTO "schema_migrations" ("version") VALUES ('20111206165429')[0m
  [1m[35m (0.4ms)[0m  select sqlite_version(*)
  [1m[36m (0.1ms)[0m  [1mSELECT "schema_migrations"."version" FROM "schema_migrations" [0m
  [1m[35m (0.0ms)[0m  PRAGMA index_list("articles")
  [1m[36m (0.0ms)[0m  [1mPRAGMA index_info('index_articles_on_user_id')[0m
  [1m[35m (0.0ms)[0m  PRAGMA index_list("articles_tags")
  [1m[36m (0.0ms)[0m  [1mPRAGMA index_info('index_articles_tags_on_tag_id')[0m
  [1m[35m (0.0ms)[0m  PRAGMA index_info('index_articles_tags_on_article_id')
  [1m[36m (0.0ms)[0m  [1mPRAGMA index_list("comments")[0m
  [1m[35m (0.0ms)[0m  PRAGMA index_info('index_comments_on_user_id')
  [1m[36m (0.0ms)[0m  [1mPRAGMA index_info('index_comments_on_article_id')[0m
  [1m[35m (0.0ms)[0m  PRAGMA index_info('index_comments_on_paragraph_id')
  [1m[36m (0.0ms)[0m  [1mPRAGMA index_info('index_comments_on_paragraph_revision_id')[0m
  [1m[35m (0.0ms)[0m  PRAGMA index_list("paragraph_revisions")
  [1m[36m (0.0ms)[0m  [1mPRAGMA index_info('index_paragraph_revisions_on_user_id')[0m
  [1m[35m (0.0ms)[0m  PRAGMA index_info('index_paragraph_revisions_on_paragraph_id')
  [1m[36m (0.0ms)[0m  [1mPRAGMA index_list("paragraphs")[0m
  [1m[35m (0.0ms)[0m  PRAGMA index_info('index_paragraphs_on_article_id')
  [1m[36m (0.0ms)[0m  [1mPRAGMA index_list("references")[0m
  [1m[35m (0.0ms)[0m  PRAGMA index_list("references_paragraph_revisions")
  [1m[36m (0.0ms)[0m  [1mPRAGMA index_info('index_references_paragraph_revisions_on_references_id')[0m
  [1m[35m (0.0ms)[0m  PRAGMA index_info('index_references_paragraph_revisions_on_paragraph_revision_id')
  [1m[36m (0.0ms)[0m  [1mPRAGMA index_list("users")[0m
  [1m[36m (0.1ms)[0m  [1mSELECT "schema_migrations"."version" FROM "schema_migrations" [0m
  [1m[35m (0.1ms)[0m  SELECT "schema_migrations"."version" FROM "schema_migrations" 
Migrating to CreateReferencesParagraphRevisions (20111206165429)
  [1m[36m (0.0ms)[0m  [1mselect sqlite_version(*)[0m
  [1m[35m (0.0ms)[0m  PRAGMA index_list("references_paragraph_revisions")
  [1m[36m (0.0ms)[0m  [1mPRAGMA index_info('index_references_paragraph_revisions_on_references_id')[0m
  [1m[35m (0.0ms)[0m  PRAGMA index_info('index_references_paragraph_revisions_on_paragraph_revision_id')
  [1m[36m (0.3ms)[0m  [1mDROP INDEX "index_references_paragraph_revisions_on_references_id"[0m
  [1m[35m (0.0ms)[0m  PRAGMA index_list("references_paragraph_revisions")
  [1m[36m (0.0ms)[0m  [1mPRAGMA index_info('index_references_paragraph_revisions_on_paragraph_revision_id')[0m
  [1m[35m (0.3ms)[0m  DROP INDEX "index_references_paragraph_revisions_on_paragraph_revision_id"
  [1m[36m (0.2ms)[0m  [1mDROP TABLE "references_paragraph_revisions"[0m
  [1m[35m (0.1ms)[0m  DELETE FROM "schema_migrations" WHERE "schema_migrations"."version" = '20111206165429'
  [1m[36m (0.3ms)[0m  [1mselect sqlite_version(*)[0m
  [1m[35m (0.1ms)[0m  SELECT "schema_migrations"."version" FROM "schema_migrations" 
  [1m[36m (0.1ms)[0m  [1mPRAGMA index_list("articles")[0m
  [1m[35m (0.0ms)[0m  PRAGMA index_info('index_articles_on_user_id')
  [1m[36m (0.0ms)[0m  [1mPRAGMA index_list("articles_tags")[0m
  [1m[35m (0.0ms)[0m  PRAGMA index_info('index_articles_tags_on_tag_id')
  [1m[36m (0.0ms)[0m  [1mPRAGMA index_info('index_articles_tags_on_article_id')[0m
  [1m[35m (0.0ms)[0m  PRAGMA index_list("comments")
  [1m[36m (0.0ms)[0m  [1mPRAGMA index_info('index_comments_on_user_id')[0m
  [1m[35m (0.0ms)[0m  PRAGMA index_info('index_comments_on_article_id')
  [1m[36m (0.0ms)[0m  [1mPRAGMA index_info('index_comments_on_paragraph_id')[0m
  [1m[35m (0.0ms)[0m  PRAGMA index_info('index_comments_on_paragraph_revision_id')
  [1m[36m (0.0ms)[0m  [1mPRAGMA index_list("paragraph_revisions")[0m
  [1m[35m (0.0ms)[0m  PRAGMA index_info('index_paragraph_revisions_on_user_id')
  [1m[36m (0.0ms)[0m  [1mPRAGMA index_info('index_paragraph_revisions_on_paragraph_id')[0m
  [1m[35m (0.0ms)[0m  PRAGMA index_list("paragraphs")
  [1m[36m (0.0ms)[0m  [1mPRAGMA index_info('index_paragraphs_on_article_id')[0m
  [1m[35m (0.0ms)[0m  PRAGMA index_list("references")
  [1m[36m (0.0ms)[0m  [1mPRAGMA index_list("users")[0m
  [1m[36m (0.1ms)[0m  [1mselect sqlite_version(*)[0m
  [1m[35m (2.2ms)[0m  CREATE TABLE "schema_migrations" ("version" varchar(255) NOT NULL) 
  [1m[36m (0.0ms)[0m  [1mPRAGMA index_list("schema_migrations")[0m
  [1m[35m (1.4ms)[0m  CREATE UNIQUE INDEX "unique_schema_migrations" ON "schema_migrations" ("version")
  [1m[36m (0.1ms)[0m  [1mSELECT "schema_migrations"."version" FROM "schema_migrations" [0m
Migrating to CreateUsers (20111206165308)
  [1m[35m (0.3ms)[0m  CREATE TABLE "users" ("id" INTEGER PRIMARY KEY AUTOINCREMENT NOT NULL, "name" varchar(255), "email" varchar(255), "password" varchar(255), "gravatar" varchar(255), "created_at" datetime, "updated_at" datetime) 
  [1m[36m (0.1ms)[0m  [1mINSERT INTO "schema_migrations" ("version") VALUES ('20111206165308')[0m
Migrating to CreateArticles (20111206165336)
  [1m[35m (0.2ms)[0m  CREATE TABLE "articles" ("id" INTEGER PRIMARY KEY AUTOINCREMENT NOT NULL, "user_id" integer, "title" varchar(255), "created_at" datetime, "updated_at" datetime) 
  [1m[36m (0.0ms)[0m  [1mPRAGMA index_list("articles")[0m
  [1m[35m (0.1ms)[0m  CREATE INDEX "index_articles_on_user_id" ON "articles" ("user_id")
  [1m[36m (0.1ms)[0m  [1mINSERT INTO "schema_migrations" ("version") VALUES ('20111206165336')[0m
Migrating to CreateParagraphs (20111206165359)
  [1m[35m (0.3ms)[0m  CREATE TABLE "paragraphs" ("id" INTEGER PRIMARY KEY AUTOINCREMENT NOT NULL, "article_id" integer, "position" integer, "current_revision" integer, "user_id" integer, "created_at" datetime, "updated_at" datetime) 
  [1m[36m (0.0ms)[0m  [1mPRAGMA index_list("paragraphs")[0m
  [1m[35m (0.1ms)[0m  CREATE INDEX "index_paragraphs_on_article_id" ON "paragraphs" ("article_id")
  [1m[36m (0.1ms)[0m  [1mINSERT INTO "schema_migrations" ("version") VALUES ('20111206165359')[0m
Migrating to CreateParagraphRevisions (20111206165405)
  [1m[35m (0.3ms)[0m  CREATE TABLE "paragraph_revisions" ("id" INTEGER PRIMARY KEY AUTOINCREMENT NOT NULL, "paragraph_id" integer, "type" varchar(255), "text" text, "image_url" varchar(255), "revision" integer, "parent" integer, "user_id" integer, "created_at" datetime, "updated_at" datetime) 
  [1m[36m (0.0ms)[0m  [1mPRAGMA index_list("paragraph_revisions")[0m
  [1m[35m (0.1ms)[0m  CREATE INDEX "index_paragraph_revisions_on_paragraph_id" ON "paragraph_revisions" ("paragraph_id")
  [1m[36m (0.0ms)[0m  [1mPRAGMA index_list("paragraph_revisions")[0m
  [1m[35m (0.0ms)[0m  PRAGMA index_info('index_paragraph_revisions_on_paragraph_id')
  [1m[36m (0.1ms)[0m  [1mCREATE INDEX "index_paragraph_revisions_on_user_id" ON "paragraph_revisions" ("user_id")[0m
  [1m[35m (0.1ms)[0m  INSERT INTO "schema_migrations" ("version") VALUES ('20111206165405')
Migrating to CreateComments (20111206165411)
  [1m[36m (0.2ms)[0m  [1mCREATE TABLE "comments" ("id" INTEGER PRIMARY KEY AUTOINCREMENT NOT NULL, "paragraph_revision_id" integer, "paragraph_id" integer, "article_id" integer, "text" text, "user_id" integer, "created_at" datetime, "updated_at" datetime) [0m
  [1m[35m (0.0ms)[0m  PRAGMA index_list("comments")
  [1m[36m (0.1ms)[0m  [1mCREATE INDEX "index_comments_on_paragraph_revision_id" ON "comments" ("paragraph_revision_id")[0m
  [1m[35m (0.0ms)[0m  PRAGMA index_list("comments")
  [1m[36m (0.0ms)[0m  [1mPRAGMA index_info('index_comments_on_paragraph_revision_id')[0m
  [1m[35m (0.1ms)[0m  CREATE INDEX "index_comments_on_paragraph_id" ON "comments" ("paragraph_id")
  [1m[36m (0.0ms)[0m  [1mPRAGMA index_list("comments")[0m
  [1m[35m (0.0ms)[0m  PRAGMA index_info('index_comments_on_paragraph_id')
  [1m[36m (0.0ms)[0m  [1mPRAGMA index_info('index_comments_on_paragraph_revision_id')[0m
  [1m[35m (0.1ms)[0m  CREATE INDEX "index_comments_on_article_id" ON "comments" ("article_id")
  [1m[36m (0.0ms)[0m  [1mPRAGMA index_list("comments")[0m
  [1m[35m (0.0ms)[0m  PRAGMA index_info('index_comments_on_article_id')
  [1m[36m (0.0ms)[0m  [1mPRAGMA index_info('index_comments_on_paragraph_id')[0m
  [1m[35m (0.0ms)[0m  PRAGMA index_info('index_comments_on_paragraph_revision_id')
  [1m[36m (0.1ms)[0m  [1mCREATE INDEX "index_comments_on_user_id" ON "comments" ("user_id")[0m
  [1m[35m (0.1ms)[0m  INSERT INTO "schema_migrations" ("version") VALUES ('20111206165411')
Migrating to CreateReferences (20111206165416)
  [1m[36m (0.3ms)[0m  [1mCREATE TABLE "references" ("id" INTEGER PRIMARY KEY AUTOINCREMENT NOT NULL, "title" varchar(255), "authors" varchar(255), "published_on" date, "url" varchar(255), "created_at" datetime, "updated_at" datetime) [0m
  [1m[35m (0.1ms)[0m  INSERT INTO "schema_migrations" ("version") VALUES ('20111206165416')
Migrating to CreateArticlesTags (20111206165424)
  [1m[36m (0.2ms)[0m  [1mCREATE TABLE "articles_tags" ("id" INTEGER PRIMARY KEY AUTOINCREMENT NOT NULL, "article_id" integer, "tag_id" integer) [0m
  [1m[35m (0.0ms)[0m  PRAGMA index_list("articles_tags")
  [1m[36m (0.1ms)[0m  [1mCREATE INDEX "index_articles_tags_on_article_id" ON "articles_tags" ("article_id")[0m
  [1m[35m (0.0ms)[0m  PRAGMA index_list("articles_tags")
  [1m[36m (0.0ms)[0m  [1mPRAGMA index_info('index_articles_tags_on_article_id')[0m
  [1m[35m (0.1ms)[0m  CREATE INDEX "index_articles_tags_on_tag_id" ON "articles_tags" ("tag_id")
  [1m[36m (0.1ms)[0m  [1mINSERT INTO "schema_migrations" ("version") VALUES ('20111206165424')[0m
Migrating to CreateReferencesParagraphRevisions (20111206165429)
  [1m[35m (0.3ms)[0m  CREATE TABLE "references_paragraph_revisions" ("id" INTEGER PRIMARY KEY AUTOINCREMENT NOT NULL, "paragraph_revision_id" integer, "references_id" integer) 
  [1m[36m (0.0ms)[0m  [1mPRAGMA index_list("references_paragraph_revisions")[0m
  [1m[35m (0.1ms)[0m  CREATE INDEX "index_references_paragraph_revisions_on_paragraph_revision_id" ON "references_paragraph_revisions" ("paragraph_revision_id")
  [1m[36m (0.0ms)[0m  [1mPRAGMA index_list("references_paragraph_revisions")[0m
  [1m[35m (0.0ms)[0m  PRAGMA index_info('index_references_paragraph_revisions_on_paragraph_revision_id')
  [1m[36m (0.1ms)[0m  [1mCREATE INDEX "index_references_paragraph_revisions_on_references_id" ON "references_paragraph_revisions" ("references_id")[0m
  [1m[35m (0.1ms)[0m  INSERT INTO "schema_migrations" ("version") VALUES ('20111206165429')
  [1m[36m (0.3ms)[0m  [1mselect sqlite_version(*)[0m
  [1m[35m (0.1ms)[0m  SELECT "schema_migrations"."version" FROM "schema_migrations" 
  [1m[36m (0.0ms)[0m  [1mPRAGMA index_list("articles")[0m
  [1m[35m (0.0ms)[0m  PRAGMA index_info('index_articles_on_user_id')
  [1m[36m (0.0ms)[0m  [1mPRAGMA index_list("articles_tags")[0m
  [1m[35m (0.0ms)[0m  PRAGMA index_info('index_articles_tags_on_tag_id')
  [1m[36m (0.0ms)[0m  [1mPRAGMA index_info('index_articles_tags_on_article_id')[0m
  [1m[35m (0.0ms)[0m  PRAGMA index_list("comments")
  [1m[36m (0.0ms)[0m  [1mPRAGMA index_info('index_comments_on_user_id')[0m
  [1m[35m (0.0ms)[0m  PRAGMA index_info('index_comments_on_article_id')
  [1m[36m (0.0ms)[0m  [1mPRAGMA index_info('index_comments_on_paragraph_id')[0m
  [1m[35m (0.0ms)[0m  PRAGMA index_info('index_comments_on_paragraph_revision_id')
  [1m[36m (0.0ms)[0m  [1mPRAGMA index_list("paragraph_revisions")[0m
  [1m[35m (0.0ms)[0m  PRAGMA index_info('index_paragraph_revisions_on_user_id')
  [1m[36m (0.0ms)[0m  [1mPRAGMA index_info('index_paragraph_revisions_on_paragraph_id')[0m
  [1m[35m (0.0ms)[0m  PRAGMA index_list("paragraphs")
  [1m[36m (0.0ms)[0m  [1mPRAGMA index_info('index_paragraphs_on_article_id')[0m
  [1m[35m (0.0ms)[0m  PRAGMA index_list("references")
  [1m[36m (0.0ms)[0m  [1mPRAGMA index_list("references_paragraph_revisions")[0m
  [1m[35m (0.0ms)[0m  PRAGMA index_info('index_references_paragraph_revisions_on_references_id')
  [1m[36m (0.0ms)[0m  [1mPRAGMA index_info('index_references_paragraph_revisions_on_paragraph_revision_id')[0m
  [1m[35m (0.0ms)[0m  PRAGMA index_list("users")
